<?xml version="1.0" encoding="UTF-8"?>
<!-- Generated by org.testng.reporters.JUnitReportReporter -->
<testsuite skipped="0" hostname="LAPTOP-CC2LEVQH" name="com.DataDrivenWebTesting.TestNg.Testng" tests="1" failures="0" timestamp="19 Okt 2018 09:34:35 GMT" time="0.008" errors="0">
  <testcase name="f" time="0.008" classname="com.DataDrivenWebTesting.TestNg.Testng"/>
</testsuite> <!-- com.DataDrivenWebTesting.TestNg.Testng -->
