<?xml version="1.0" encoding="UTF-8"?>
<!-- Generated by org.testng.reporters.JUnitReportReporter -->
<testsuite hostname="LAPTOP-CC2LEVQH" name="com.Optile.TestNg.Testng" tests="1" failures="0" timestamp="14 Sep 2018 20:27:36 GMT" time="0.000" errors="0">
  <testcase name="f" time="0.000" classname="com.Optile.TestNg.Testng"/>
</testsuite> <!-- com.Optile.TestNg.Testng -->
